[2022-07-12 14:19:12.506] [INFO ] [main] com.springboot.api.ApiApplication Starting ApiApplication using Java 17.0.3 on Naman-GoyangE-UpSeo-2.local with PID 21136 (/Users/solstice/Desktop/Github/Tutorial-Spring/springboot-core/api/bin/main started by solstice in /Users/solstice/Desktop/Github/Tutorial-Spring/springboot-core)
[2022-07-12 14:19:12.507] [INFO ] [main] com.springboot.api.ApiApplication No active profile set, falling back to default profiles: default
[2022-07-12 14:19:12.962] [INFO ] [main] org.springframework.boot.web.embedded.tomcat.TomcatWebServer Tomcat initialized with port(s): 8080 (http)
[2022-07-12 14:19:12.967] [INFO ] [main] org.apache.coyote.http11.Http11NioProtocol Initializing ProtocolHandler ["http-nio-8080"]
[2022-07-12 14:19:12.967] [INFO ] [main] org.apache.catalina.core.StandardService Starting service [Tomcat]
[2022-07-12 14:19:12.967] [INFO ] [main] org.apache.catalina.core.StandardEngine Starting Servlet engine: [Apache Tomcat/9.0.56]
[2022-07-12 14:19:12.994] [INFO ] [main] org.apache.catalina.core.ContainerBase.[Tomcat].[localhost].[/] Initializing Spring embedded WebApplicationContext
[2022-07-12 14:19:12.994] [INFO ] [main] org.springframework.boot.web.servlet.context.ServletWebServerApplicationContext Root WebApplicationContext: initialization completed in 468 ms
[2022-07-12 14:19:13.155] [INFO ] [main] springfox.documentation.spring.web.PropertySourcedRequestMappingHandlerMapping Mapped URL path [/v2/api-docs] onto method [springfox.documentation.swagger2.web.Swagger2Controller#getDocumentation(String, HttpServletRequest)]
[2022-07-12 14:19:13.241] [INFO ] [main] org.apache.coyote.http11.Http11NioProtocol Starting ProtocolHandler ["http-nio-8080"]
[2022-07-12 14:19:13.253] [INFO ] [main] org.springframework.boot.web.embedded.tomcat.TomcatWebServer Tomcat started on port(s): 8080 (http) with context path ''
[2022-07-12 14:19:13.253] [INFO ] [main] springfox.documentation.spring.web.plugins.DocumentationPluginsBootstrapper Context refreshed
[2022-07-12 14:19:13.261] [INFO ] [main] springfox.documentation.spring.web.plugins.DocumentationPluginsBootstrapper Found 1 custom documentation plugin(s)
[2022-07-12 14:19:13.270] [INFO ] [main] springfox.documentation.spring.web.scanners.ApiListingReferenceScanner Scanning for api listing references
[2022-07-12 14:19:13.350] [INFO ] [main] com.springboot.api.ApiApplication Started ApiApplication in 1.038 seconds (JVM running for 1.222)
[2022-07-12 14:19:24.566] [INFO ] [http-nio-8080-exec-1] org.apache.catalina.core.ContainerBase.[Tomcat].[localhost].[/] Initializing Spring DispatcherServlet 'dispatcherServlet'
[2022-07-12 14:19:24.566] [INFO ] [http-nio-8080-exec-1] org.springframework.web.servlet.DispatcherServlet Initializing Servlet 'dispatcherServlet'
[2022-07-12 14:19:24.567] [INFO ] [http-nio-8080-exec-1] org.springframework.web.servlet.DispatcherServlet Completed initialization in 1 ms
[2022-07-12 14:19:24.580] [INFO ] [http-nio-8080-exec-1] com.springboot.api.controller.GetController getHello 메서드가 호출되었습니다.
[2022-07-12 14:21:26.643] [INFO ] [main] com.springboot.api.ApiApplication Starting ApiApplication using Java 17.0.3 on Naman-GoyangE-UpSeo-2.local with PID 21372 (/Users/solstice/Desktop/Github/Tutorial-Spring/springboot-core/api/bin/main started by solstice in /Users/solstice/Desktop/Github/Tutorial-Spring/springboot-core)
[2022-07-12 14:21:26.645] [INFO ] [main] com.springboot.api.ApiApplication No active profile set, falling back to default profiles: default
[2022-07-12 14:21:27.108] [INFO ] [main] org.springframework.boot.web.embedded.tomcat.TomcatWebServer Tomcat initialized with port(s): 8080 (http)
[2022-07-12 14:21:27.113] [INFO ] [main] org.apache.coyote.http11.Http11NioProtocol Initializing ProtocolHandler ["http-nio-8080"]
[2022-07-12 14:21:27.113] [INFO ] [main] org.apache.catalina.core.StandardService Starting service [Tomcat]
[2022-07-12 14:21:27.113] [INFO ] [main] org.apache.catalina.core.StandardEngine Starting Servlet engine: [Apache Tomcat/9.0.56]
[2022-07-12 14:21:27.145] [INFO ] [main] org.apache.catalina.core.ContainerBase.[Tomcat].[localhost].[/] Initializing Spring embedded WebApplicationContext
[2022-07-12 14:21:27.145] [INFO ] [main] org.springframework.boot.web.servlet.context.ServletWebServerApplicationContext Root WebApplicationContext: initialization completed in 480 ms
[2022-07-12 14:21:27.318] [INFO ] [main] springfox.documentation.spring.web.PropertySourcedRequestMappingHandlerMapping Mapped URL path [/v2/api-docs] onto method [springfox.documentation.swagger2.web.Swagger2Controller#getDocumentation(String, HttpServletRequest)]
[2022-07-12 14:21:27.404] [INFO ] [main] org.apache.coyote.http11.Http11NioProtocol Starting ProtocolHandler ["http-nio-8080"]
[2022-07-12 14:21:27.416] [INFO ] [main] org.springframework.boot.web.embedded.tomcat.TomcatWebServer Tomcat started on port(s): 8080 (http) with context path ''
[2022-07-12 14:21:27.417] [INFO ] [main] springfox.documentation.spring.web.plugins.DocumentationPluginsBootstrapper Context refreshed
[2022-07-12 14:21:27.425] [INFO ] [main] springfox.documentation.spring.web.plugins.DocumentationPluginsBootstrapper Found 1 custom documentation plugin(s)
[2022-07-12 14:21:27.434] [INFO ] [main] springfox.documentation.spring.web.scanners.ApiListingReferenceScanner Scanning for api listing references
[2022-07-12 14:21:27.514] [INFO ] [main] com.springboot.api.ApiApplication Started ApiApplication in 1.079 seconds (JVM running for 1.255)
[2022-07-12 14:21:32.451] [INFO ] [http-nio-8080-exec-1] org.apache.catalina.core.ContainerBase.[Tomcat].[localhost].[/] Initializing Spring DispatcherServlet 'dispatcherServlet'
[2022-07-12 14:21:32.451] [INFO ] [http-nio-8080-exec-1] org.springframework.web.servlet.DispatcherServlet Initializing Servlet 'dispatcherServlet'
[2022-07-12 14:21:32.452] [INFO ] [http-nio-8080-exec-1] org.springframework.web.servlet.DispatcherServlet Completed initialization in 1 ms
[2022-07-12 14:21:32.468] [INFO ] [http-nio-8080-exec-1] com.springboot.api.controller.GetController @PathVariable을 통해 들어온 값 : ddddddddd
